[0.224s] DEBUG:colcon:Command line arguments: ['/usr/bin/colcon', 'build', '--packages-select', 'control_interfaces']
[0.224s] DEBUG:colcon:Parsed command line arguments: Namespace(log_base=None, log_level=None, verb_name='build', build_base='build', install_base='install', merge_install=False, symlink_install=False, test_result_base=None, continue_on_error=False, executor='parallel', parallel_workers=16, event_handlers=None, ignore_user_meta=False, metas=['./colcon.meta'], base_paths=['.'], packages_ignore=None, packages_ignore_regex=None, paths=None, packages_up_to=None, packages_up_to_regex=None, packages_above=None, packages_above_and_dependencies=None, packages_above_depth=None, packages_select_by_dep=None, packages_skip_by_dep=None, packages_skip_up_to=None, packages_select_build_failed=False, packages_skip_build_finished=False, packages_select_test_failures=False, packages_skip_test_passed=False, packages_select=['control_interfaces'], packages_skip=None, packages_select_regex=None, packages_skip_regex=None, packages_start=None, packages_end=None, allow_overriding=[], cmake_args=None, cmake_target=None, cmake_target_skip_unavailable=False, cmake_clean_cache=False, cmake_clean_first=False, cmake_force_configure=False, ament_cmake_args=None, catkin_cmake_args=None, catkin_skip_building_tests=False, verb_parser=<colcon_defaults.argument_parser.defaults.DefaultArgumentsDecorator object at 0x7fbadd0cae60>, verb_extension=<colcon_core.verb.build.BuildVerb object at 0x7fbadd8b3df0>, main=<bound method BuildVerb.main of <colcon_core.verb.build.BuildVerb object at 0x7fbadd8b3df0>>)
[0.244s] Level 1:colcon.colcon_core.package_discovery:discover_packages(colcon_meta) check parameters
[0.244s] Level 1:colcon.colcon_core.package_discovery:discover_packages(recursive) check parameters
[0.244s] Level 1:colcon.colcon_core.package_discovery:discover_packages(ignore) check parameters
[0.244s] Level 1:colcon.colcon_core.package_discovery:discover_packages(path) check parameters
[0.244s] Level 1:colcon.colcon_core.package_discovery:discover_packages(colcon_meta) discover
[0.244s] Level 1:colcon.colcon_core.package_discovery:discover_packages(recursive) discover
[0.244s] INFO:colcon.colcon_core.package_discovery:Crawling recursively for packages in '/home/triton_10/ros2_ws_lp/src/control_interfaces'
[0.244s] Level 1:colcon.colcon_core.package_identification:_identify(.) by extensions ['ignore', 'ignore_ament_install']
[0.244s] Level 1:colcon.colcon_core.package_identification:_identify(.) by extension 'ignore'
[0.244s] Level 1:colcon.colcon_core.package_identification:_identify(.) by extension 'ignore_ament_install'
[0.244s] Level 1:colcon.colcon_core.package_identification:_identify(.) by extensions ['colcon_pkg']
[0.244s] Level 1:colcon.colcon_core.package_identification:_identify(.) by extension 'colcon_pkg'
[0.244s] Level 1:colcon.colcon_core.package_identification:_identify(.) by extensions ['colcon_meta']
[0.244s] Level 1:colcon.colcon_core.package_identification:_identify(.) by extension 'colcon_meta'
[0.244s] Level 1:colcon.colcon_core.package_identification:_identify(.) by extensions ['ros']
[0.244s] Level 1:colcon.colcon_core.package_identification:_identify(.) by extension 'ros'
[0.253s] DEBUG:colcon.colcon_core.package_identification:Package '.' with type 'ros.ament_cmake' and name 'control_interfaces'
[0.253s] Level 1:colcon.colcon_core.package_discovery:discover_packages(recursive) using defaults
[0.253s] Level 1:colcon.colcon_core.package_discovery:discover_packages(ignore) discover
[0.253s] Level 1:colcon.colcon_core.package_discovery:discover_packages(ignore) using defaults
[0.253s] Level 1:colcon.colcon_core.package_discovery:discover_packages(path) discover
[0.253s] Level 1:colcon.colcon_core.package_discovery:discover_packages(path) using defaults
[0.269s] Level 1:colcon.colcon_core.package_discovery:discover_packages(prefix_path) check parameters
[0.269s] Level 1:colcon.colcon_core.package_discovery:discover_packages(prefix_path) discover
[0.271s] DEBUG:colcon.colcon_installed_package_information.package_discovery:Found 4 installed packages in /home/triton_10/ros2_ws_lp/install
[0.272s] DEBUG:colcon.colcon_installed_package_information.package_discovery:Found 292 installed packages in /opt/ros/humble
[0.273s] Level 1:colcon.colcon_core.package_discovery:discover_packages(prefix_path) using defaults
[0.317s] Level 5:colcon.colcon_core.verb:set package 'control_interfaces' build argument 'cmake_args' from command line to 'None'
[0.318s] Level 5:colcon.colcon_core.verb:set package 'control_interfaces' build argument 'cmake_target' from command line to 'None'
[0.318s] Level 5:colcon.colcon_core.verb:set package 'control_interfaces' build argument 'cmake_target_skip_unavailable' from command line to 'False'
[0.318s] Level 5:colcon.colcon_core.verb:set package 'control_interfaces' build argument 'cmake_clean_cache' from command line to 'False'
[0.318s] Level 5:colcon.colcon_core.verb:set package 'control_interfaces' build argument 'cmake_clean_first' from command line to 'False'
[0.318s] Level 5:colcon.colcon_core.verb:set package 'control_interfaces' build argument 'cmake_force_configure' from command line to 'False'
[0.318s] Level 5:colcon.colcon_core.verb:set package 'control_interfaces' build argument 'ament_cmake_args' from command line to 'None'
[0.318s] Level 5:colcon.colcon_core.verb:set package 'control_interfaces' build argument 'catkin_cmake_args' from command line to 'None'
[0.318s] Level 5:colcon.colcon_core.verb:set package 'control_interfaces' build argument 'catkin_skip_building_tests' from command line to 'False'
[0.318s] DEBUG:colcon.colcon_core.verb:Building package 'control_interfaces' with the following arguments: {'ament_cmake_args': None, 'build_base': '/home/triton_10/ros2_ws_lp/src/control_interfaces/build/control_interfaces', 'catkin_cmake_args': None, 'catkin_skip_building_tests': False, 'cmake_args': None, 'cmake_clean_cache': False, 'cmake_clean_first': False, 'cmake_force_configure': False, 'cmake_target': None, 'cmake_target_skip_unavailable': False, 'install_base': '/home/triton_10/ros2_ws_lp/src/control_interfaces/install/control_interfaces', 'merge_install': False, 'path': '/home/triton_10/ros2_ws_lp/src/control_interfaces', 'symlink_install': False, 'test_result_base': None}
[0.318s] INFO:colcon.colcon_core.executor:Executing jobs using 'parallel' executor
[0.320s] DEBUG:colcon.colcon_parallel_executor.executor.parallel:run_until_complete
[0.320s] INFO:colcon.colcon_ros.task.ament_cmake.build:Building ROS package in '/home/triton_10/ros2_ws_lp/src/control_interfaces' with build type 'ament_cmake'
[0.321s] INFO:colcon.colcon_cmake.task.cmake.build:Building CMake package in '/home/triton_10/ros2_ws_lp/src/control_interfaces'
[0.323s] INFO:colcon.colcon_core.plugin_system:Skipping extension 'colcon_core.shell.bat': Not used on non-Windows systems
[0.323s] INFO:colcon.colcon_core.shell:Skip shell extension 'powershell' for command environment: Not usable outside of PowerShell
[0.324s] DEBUG:colcon.colcon_core.shell:Skip shell extension 'dsv' for command environment
[0.329s] DEBUG:colcon.colcon_core.event_handler.log_command:Invoking command in '/home/triton_10/ros2_ws_lp/src/control_interfaces/build/control_interfaces': CMAKE_PREFIX_PATH=${CMAKE_PREFIX_PATH}:/home/triton_10/ros2_ws_lp/install/tello:/home/triton_10/ros2_ws_lp/install/control:/opt/ros/humble /usr/bin/cmake /home/triton_10/ros2_ws_lp/src/control_interfaces -DCMAKE_INSTALL_PREFIX=/home/triton_10/ros2_ws_lp/src/control_interfaces/install/control_interfaces
[0.904s] DEBUG:colcon.colcon_core.event_handler.log_command:Invoked command in '/home/triton_10/ros2_ws_lp/src/control_interfaces/build/control_interfaces' returned '1': CMAKE_PREFIX_PATH=${CMAKE_PREFIX_PATH}:/home/triton_10/ros2_ws_lp/install/tello:/home/triton_10/ros2_ws_lp/install/control:/opt/ros/humble /usr/bin/cmake /home/triton_10/ros2_ws_lp/src/control_interfaces -DCMAKE_INSTALL_PREFIX=/home/triton_10/ros2_ws_lp/src/control_interfaces/install/control_interfaces
[0.911s] Level 1:colcon.colcon_core.environment:create_environment_scripts_only(control_interfaces)
[0.914s] Level 1:colcon.colcon_core.environment:checking '/home/triton_10/ros2_ws_lp/src/control_interfaces/install/control_interfaces' for CMake module files
[0.914s] Level 1:colcon.colcon_core.environment:checking '/home/triton_10/ros2_ws_lp/src/control_interfaces/install/control_interfaces' for CMake config files
[0.914s] Level 1:colcon.colcon_core.environment:checking '/home/triton_10/ros2_ws_lp/src/control_interfaces/install/control_interfaces/bin'
[0.914s] Level 1:colcon.colcon_core.environment:checking '/home/triton_10/ros2_ws_lp/src/control_interfaces/install/control_interfaces/lib/pkgconfig/control_interfaces.pc'
[0.915s] Level 1:colcon.colcon_core.environment:checking '/home/triton_10/ros2_ws_lp/src/control_interfaces/install/control_interfaces/lib/python3.10/site-packages'
[0.915s] Level 1:colcon.colcon_core.environment:checking '/home/triton_10/ros2_ws_lp/src/control_interfaces/install/control_interfaces/bin'
[0.916s] INFO:colcon.colcon_core.shell:Creating package script '/home/triton_10/ros2_ws_lp/src/control_interfaces/install/control_interfaces/share/control_interfaces/package.ps1'
[0.916s] INFO:colcon.colcon_core.shell:Creating package descriptor '/home/triton_10/ros2_ws_lp/src/control_interfaces/install/control_interfaces/share/control_interfaces/package.dsv'
[0.917s] INFO:colcon.colcon_core.shell:Creating package script '/home/triton_10/ros2_ws_lp/src/control_interfaces/install/control_interfaces/share/control_interfaces/package.sh'
[0.917s] INFO:colcon.colcon_core.shell:Creating package script '/home/triton_10/ros2_ws_lp/src/control_interfaces/install/control_interfaces/share/control_interfaces/package.bash'
[0.917s] INFO:colcon.colcon_core.shell:Creating package script '/home/triton_10/ros2_ws_lp/src/control_interfaces/install/control_interfaces/share/control_interfaces/package.zsh'
[0.918s] Level 1:colcon.colcon_core.environment:create_file_with_runtime_dependencies(/home/triton_10/ros2_ws_lp/src/control_interfaces/install/control_interfaces/share/colcon-core/packages/control_interfaces)
[0.928s] DEBUG:colcon.colcon_parallel_executor.executor.parallel:closing loop
[0.929s] DEBUG:colcon.colcon_parallel_executor.executor.parallel:loop closed
[0.929s] DEBUG:colcon.colcon_parallel_executor.executor.parallel:run_until_complete finished with '1'
[0.929s] DEBUG:colcon.colcon_core.event_reactor:joining thread
[0.932s] INFO:colcon.colcon_core.plugin_system:Skipping extension 'colcon_notification.desktop_notification.terminal_notifier': Not used on non-Darwin systems
[0.932s] INFO:colcon.colcon_core.plugin_system:Skipping extension 'colcon_notification.desktop_notification.win32': Not used on non-Windows systems
[0.932s] INFO:colcon.colcon_notification.desktop_notification:Sending desktop notification using 'notify2'
[0.941s] DEBUG:colcon.colcon_core.event_reactor:joined thread
[0.942s] INFO:colcon.colcon_core.shell:Creating prefix script '/home/triton_10/ros2_ws_lp/src/control_interfaces/install/local_setup.ps1'
[0.942s] INFO:colcon.colcon_core.shell:Creating prefix util module '/home/triton_10/ros2_ws_lp/src/control_interfaces/install/_local_setup_util_ps1.py'
[0.943s] INFO:colcon.colcon_core.shell:Creating prefix chain script '/home/triton_10/ros2_ws_lp/src/control_interfaces/install/setup.ps1'
[0.944s] INFO:colcon.colcon_core.shell:Creating prefix script '/home/triton_10/ros2_ws_lp/src/control_interfaces/install/local_setup.sh'
[0.945s] INFO:colcon.colcon_core.shell:Creating prefix util module '/home/triton_10/ros2_ws_lp/src/control_interfaces/install/_local_setup_util_sh.py'
[0.945s] INFO:colcon.colcon_core.shell:Creating prefix chain script '/home/triton_10/ros2_ws_lp/src/control_interfaces/install/setup.sh'
[0.947s] INFO:colcon.colcon_core.shell:Creating prefix script '/home/triton_10/ros2_ws_lp/src/control_interfaces/install/local_setup.bash'
[0.947s] INFO:colcon.colcon_core.shell:Creating prefix chain script '/home/triton_10/ros2_ws_lp/src/control_interfaces/install/setup.bash'
[0.948s] INFO:colcon.colcon_core.shell:Creating prefix script '/home/triton_10/ros2_ws_lp/src/control_interfaces/install/local_setup.zsh'
[0.948s] INFO:colcon.colcon_core.shell:Creating prefix chain script '/home/triton_10/ros2_ws_lp/src/control_interfaces/install/setup.zsh'
