[0.008s] Invoking command in '/home/triton_10/ros2_ws_lp/src/control_interfaces/build/control_interfaces': CMAKE_PREFIX_PATH=${CMAKE_PREFIX_PATH}:/home/triton_10/ros2_ws_lp/install/tello:/home/triton_10/ros2_ws_lp/install/control:/opt/ros/humble /usr/bin/cmake /home/triton_10/ros2_ws_lp/src/control_interfaces -DCMAKE_INSTALL_PREFIX=/home/triton_10/ros2_ws_lp/src/control_interfaces/install/control_interfaces
[0.092s] -- The C compiler identification is GNU 11.3.0
[0.175s] -- The CXX compiler identification is GNU 11.3.0
[0.185s] -- Detecting C compiler ABI info
[0.231s] -- Detecting C compiler ABI info - done
[0.237s] -- Check for working C compiler: /usr/bin/cc - skipped
[0.237s] -- Detecting C compile features
[0.238s] -- Detecting C compile features - done
[0.241s] -- Detecting CXX compiler ABI info
[0.298s] -- Detecting CXX compiler ABI info - done
[0.306s] -- Check for working CXX compiler: /usr/bin/c++ - skipped
[0.306s] -- Detecting CXX compile features
[0.306s] -- Detecting CXX compile features - done
[0.310s] -- Found ament_cmake: 1.3.3 (/opt/ros/humble/share/ament_cmake/cmake)
[0.428s] -- Found Python3: /usr/bin/python3.10 (found version "3.10.6") found components: Interpreter 
[0.502s] -- Found rosidl_default_generators: 1.2.0 (/opt/ros/humble/share/rosidl_default_generators/cmake)
[0.506s] -- Using all available rosidl_typesupport_c: rosidl_typesupport_fastrtps_c;rosidl_typesupport_introspection_c
[0.512s] -- Found rosidl_adapter: 3.1.4 (/opt/ros/humble/share/rosidl_adapter/cmake)
[0.549s] -- Using all available rosidl_typesupport_cpp: rosidl_typesupport_fastrtps_cpp;rosidl_typesupport_introspection_cpp
[0.580s] [31mCMake Error at CMakeLists.txt:16 (rosidl_generate_interfaces):
[0.580s]   Syntax error in cmake code at
[0.580s] 
[0.580s]     /home/triton_10/ros2_ws_lp/src/control_interfaces/CMakeLists.txt:16
[0.581s] 
[0.581s]   when parsing string
[0.581s] 
[0.581s]     ${PROJECT_NA%E}
[0.581s] 
[0.581s]   Invalid character ('%') in a variable name: 'PROJECT_NA'
[0.581s] 
[0.581s] [0m
[0.581s] -- Configuring incomplete, errors occurred!
[0.581s] See also "/home/triton_10/ros2_ws_lp/src/control_interfaces/build/control_interfaces/CMakeFiles/CMakeOutput.log".
[0.583s] Invoked command in '/home/triton_10/ros2_ws_lp/src/control_interfaces/build/control_interfaces' returned '1': CMAKE_PREFIX_PATH=${CMAKE_PREFIX_PATH}:/home/triton_10/ros2_ws_lp/install/tello:/home/triton_10/ros2_ws_lp/install/control:/opt/ros/humble /usr/bin/cmake /home/triton_10/ros2_ws_lp/src/control_interfaces -DCMAKE_INSTALL_PREFIX=/home/triton_10/ros2_ws_lp/src/control_interfaces/install/control_interfaces
